2024-05-09 20:39:31.550 info: START TXN:6164,609647900

2024-05-09 20:39:31.818 info: POST data:[object Object]
2024-05-09 20:39:31.925 info: POST request: {"commandName":"security.signin","userId":"aaa","password":"bbb"} from ::1
2024-05-09 20:39:32.034 error: params is not defined
2024-05-09 20:39:32.180 info: reply: {}
2024-05-09 20:39:32.331 info: 
END TXN:6164,609647900
2024-05-09 20:43:11.213 info: START TXN:6384,273043900

2024-05-09 20:43:11.236 info: POST data:[object Object]
2024-05-09 20:43:11.273 info: POST request: {"commandName":"security.signin","userId":"aaa","password":"bbb"} from ::1
2024-05-09 20:43:11.289 info: Getting database connection pool from ...

  DB_HOST:undefined
,
  DB_PORT:undefined
,
  DB_DATABASE:undefined
,
  DB_USER:undefined
, 
  DB_PASSWORD:undefined
2024-05-09 20:43:11.303 error: _database_database__WEBPACK_IMPORTED_MODULE_1__.getPool(...).promise is not a function
2024-05-09 20:43:11.334 info: reply: {}
2024-05-09 20:43:11.391 info: 
END TXN:6384,273043900
2024-05-09 20:45:25.259 info: START TXN:6518,318893200

2024-05-09 20:45:25.338 info: POST data:[object Object]
2024-05-09 20:45:25.369 info: POST request: {"commandName":"security.signin","userId":"aaa","password":"bbb"} from ::1
2024-05-09 20:45:25.410 info: Getting database connection pool from ...

  DB_HOST:undefined
,
  DB_PORT:undefined
,
  DB_DATABASE:undefined
,
  DB_USER:undefined
, 
  DB_PASSWORD:undefined
2024-05-09 20:45:25.575 error: _database_database__WEBPACK_IMPORTED_MODULE_1__.getPool(...).promise is not a function
2024-05-09 20:45:25.685 info: reply: {}
2024-05-09 20:45:25.845 info: 
END TXN:6518,318893200
2024-05-09 20:47:15.894 info: START TXN:6628,953054800

2024-05-09 20:47:16.042 info: POST data:[object Object]
2024-05-09 20:47:16.147 info: POST request: {"commandName":"security.signin","userId":"aaa","password":"bbb"} from ::1
2024-05-09 20:47:16.193 info: Getting database connection pool from ...

  DB_HOST:undefined
,
  DB_PORT:undefined
,
  DB_DATABASE:undefined
,
  DB_USER:undefined
, 
  DB_PASSWORD:undefined
2024-05-09 20:47:16.262 error: _database_database__WEBPACK_IMPORTED_MODULE_1__.getPool(...).promise is not a function
2024-05-09 20:47:16.316 info: reply: {}
2024-05-09 20:47:16.343 info: 
END TXN:6628,953054800
2024-05-09 20:52:07.679 info: START TXN:6920,734263800

2024-05-09 20:52:07.723 info: POST data:[object Object]
2024-05-09 20:52:07.727 info: POST request: {"commandName":"security.signin","userId":"aaa","password":"bbb"} from ::1
2024-05-09 20:52:07.734 info: Getting database connection pool from ...

  DB_HOST:undefined
,
  DB_PORT:undefined
,
  DB_DATABASE:undefined
,
  DB_USER:undefined
, 
  DB_PASSWORD:undefined
2024-05-09 20:52:07.762 error: _database_database__WEBPACK_IMPORTED_MODULE_1__.getPool(...).promise is not a function
2024-05-09 20:52:07.766 info: reply: {}
2024-05-09 20:52:07.783 info: 
END TXN:6920,734263800
2024-05-09 20:54:40.765 info: START TXN:7073,819973400

2024-05-09 20:54:40.835 info: POST data:[object Object]
2024-05-09 20:54:40.897 info: POST request: {"commandName":"security.signin","userId":"aaa","password":"bbb"} from ::1
2024-05-09 20:54:41.007 info: Getting database connection pool from ...

  DB_HOST:undefined
,
  DB_PORT:undefined
,
  DB_DATABASE:undefined
,
  DB_USER:undefined
, 
  DB_PASSWORD:undefined
2024-05-09 20:54:41.239 error: _database_database__WEBPACK_IMPORTED_MODULE_1__.getPool(...).promise is not a function
2024-05-09 20:54:41.484 info: reply: {}
2024-05-09 20:54:41.720 info: 
END TXN:7073,819973400
2024-05-09 20:55:30.820 info: START TXN:7123,880502200

2024-05-09 20:55:30.827 info: POST data:[object Object]
2024-05-09 20:55:30.830 info: POST request: {"commandName":"security.signin","userId":"aaa","password":"bbb"} from ::1
2024-05-09 20:55:30.833 info: Getting database connection pool from ...

  DB_HOST:undefined
,
  DB_PORT:undefined
,
  DB_DATABASE:undefined
,
  DB_USER:undefined
, 
  DB_PASSWORD:undefined
2024-05-09 20:55:30.840 error: _database_database__WEBPACK_IMPORTED_MODULE_1__.getPool(...).promise is not a function
2024-05-09 20:55:30.842 info: reply: {}
2024-05-09 20:55:30.844 info: 
END TXN:7123,880502200
